<?xml version="1.0" encoding="UTF-8"?>
<!-- Generated by org.testng.reporters.JUnitReportReporter -->
<testsuite skipped="0" hostname="ShivkarAmit" name="com.crm.qa.testcases.LoginPageTest" tests="3" failures="0" timestamp="21 Jul 2018 12:22:07 GMT" time="73.087" errors="0">
  <testcase name="loginPageTitleTest" time="31.814" classname="com.crm.qa.testcases.LoginPageTest"/>
  <testcase name="crmLogoImageTest" time="21.445" classname="com.crm.qa.testcases.LoginPageTest"/>
  <testcase name="logintest" time="19.828" classname="com.crm.qa.testcases.LoginPageTest"/>
</testsuite> <!-- com.crm.qa.testcases.LoginPageTest -->
