<?xml version="1.0" encoding="UTF-8"?>
<!-- Generated by org.testng.reporters.JUnitReportReporter -->
<testsuite skipped="0" hostname="ShivkarAmit" name="com.crm.qa.testcases.ContactsPageTest" tests="5" failures="0" timestamp="23 Jul 2018 12:20:40 GMT" time="170.111" errors="0">
  <testcase name="verifyContactsPageLabelTest" time="27.955" classname="com.crm.qa.testcases.ContactsPageTest"/>
  <testcase name="selectContactsByNameTest" time="31.970" classname="com.crm.qa.testcases.ContactsPageTest"/>
  <testcase name="validateCreateNewConatct" time="32.979" classname="com.crm.qa.testcases.ContactsPageTest"/>
  <testcase name="validateCreateNewConatct" time="41.224" classname="com.crm.qa.testcases.ContactsPageTest"/>
  <testcase name="validateCreateNewConatct" time="35.983" classname="com.crm.qa.testcases.ContactsPageTest"/>
</testsuite> <!-- com.crm.qa.testcases.ContactsPageTest -->
