<?xml version="1.0" encoding="UTF-8"?>
<!-- Generated by org.testng.reporters.JUnitReportReporter -->
<testsuite skipped="0" hostname="ShivkarAmit" name="com.crm.qa.testcases.LoginPageTest" tests="3" failures="0" timestamp="23 Jul 2018 12:20:40 GMT" time="69.478" errors="0">
  <testcase name="loginPageTitleTest" time="20.092" classname="com.crm.qa.testcases.LoginPageTest"/>
  <testcase name="crmLogoImageTest" time="23.695" classname="com.crm.qa.testcases.LoginPageTest"/>
  <testcase name="logintest" time="25.691" classname="com.crm.qa.testcases.LoginPageTest"/>
</testsuite> <!-- com.crm.qa.testcases.LoginPageTest -->
